2025-04-07 16:03:17,962 - INFO - 原始特征数: 12
2025-04-07 16:03:17,963 - INFO - 经过PCA降维后的特征数: 7
2025-04-07 16:03:18,537 - INFO - Epoch [10/50], Loss: 9.5044
2025-04-07 16:03:18,596 - INFO - Epoch [20/50], Loss: 12.6107
2025-04-07 16:03:18,656 - INFO - Epoch [30/50], Loss: 9.4700
2025-04-07 16:03:18,715 - INFO - Epoch [40/50], Loss: 2.2642
2025-04-07 16:03:18,775 - INFO - Epoch [50/50], Loss: 10.6614
2025-04-07 16:03:18,775 - INFO - Test Loss: 30.5346
2025-04-07 16:03:52,315 - INFO - 原始特征数: 12
2025-04-07 16:03:52,315 - INFO - 经过PCA降维后的特征数: 7
2025-04-07 16:03:52,899 - INFO - Epoch [10/100], Loss: 172.9699
2025-04-07 16:03:52,959 - INFO - Epoch [20/100], Loss: 14.6698
2025-04-07 16:03:53,019 - INFO - Epoch [30/100], Loss: 1.7872
2025-04-07 16:03:53,079 - INFO - Epoch [40/100], Loss: 4.9034
2025-04-07 16:03:53,140 - INFO - Epoch [50/100], Loss: 17.7402
2025-04-07 16:03:53,200 - INFO - Epoch [60/100], Loss: 2.8695
2025-04-07 16:03:53,261 - INFO - Epoch [70/100], Loss: 13.6525
2025-04-07 16:03:53,322 - INFO - Epoch [80/100], Loss: 6.4676
2025-04-07 16:03:53,382 - INFO - Epoch [90/100], Loss: 0.7816
2025-04-07 16:03:53,443 - INFO - Epoch [100/100], Loss: 22.4240
2025-04-07 16:03:53,443 - INFO - Test Loss: 20.0830
2025-04-07 16:03:59,107 - INFO - 原始特征数: 12
2025-04-07 16:03:59,107 - INFO - 经过PCA降维后的特征数: 7
2025-04-07 16:03:59,705 - INFO - Epoch [10/150], Loss: 96.7556
2025-04-07 16:03:59,764 - INFO - Epoch [20/150], Loss: 0.3458
2025-04-07 16:03:59,824 - INFO - Epoch [30/150], Loss: 29.0302
2025-04-07 16:03:59,884 - INFO - Epoch [40/150], Loss: 26.4964
2025-04-07 16:03:59,943 - INFO - Epoch [50/150], Loss: 6.5427
2025-04-07 16:04:00,003 - INFO - Epoch [60/150], Loss: 21.1150
2025-04-07 16:04:00,071 - INFO - Epoch [70/150], Loss: 1.2621
2025-04-07 16:04:00,145 - INFO - Epoch [80/150], Loss: 11.6350
2025-04-07 16:04:00,205 - INFO - Epoch [90/150], Loss: 8.9816
2025-04-07 16:04:00,265 - INFO - Epoch [100/150], Loss: 3.2669
2025-04-07 16:04:00,325 - INFO - Epoch [110/150], Loss: 157.3942
2025-04-07 16:04:00,385 - INFO - Epoch [120/150], Loss: 5.4127
2025-04-07 16:04:00,445 - INFO - Epoch [130/150], Loss: 41.2029
2025-04-07 16:04:00,505 - INFO - Epoch [140/150], Loss: 5.5925
2025-04-07 16:04:00,565 - INFO - Epoch [150/150], Loss: 3.2150
2025-04-07 16:04:00,565 - INFO - Test Loss: 16.8790
2025-04-07 16:04:08,370 - INFO - 原始特征数: 12
2025-04-07 16:04:08,370 - INFO - 经过PCA降维后的特征数: 7
2025-04-07 16:04:08,944 - INFO - Epoch [10/200], Loss: 40.8177
2025-04-07 16:04:09,003 - INFO - Epoch [20/200], Loss: 9.9877
2025-04-07 16:04:09,062 - INFO - Epoch [30/200], Loss: 10.6154
2025-04-07 16:04:09,121 - INFO - Epoch [40/200], Loss: 219.5915
2025-04-07 16:04:09,180 - INFO - Epoch [50/200], Loss: 2.0183
2025-04-07 16:04:09,239 - INFO - Epoch [60/200], Loss: 0.5841
2025-04-07 16:04:09,298 - INFO - Epoch [70/200], Loss: 0.8770
2025-04-07 16:04:09,357 - INFO - Epoch [80/200], Loss: 0.2568
2025-04-07 16:04:09,416 - INFO - Epoch [90/200], Loss: 8.2821
2025-04-07 16:04:09,475 - INFO - Epoch [100/200], Loss: 10.9726
2025-04-07 16:04:09,533 - INFO - Epoch [110/200], Loss: 17.2586
2025-04-07 16:04:09,592 - INFO - Epoch [120/200], Loss: 6.2388
2025-04-07 16:04:09,651 - INFO - Epoch [130/200], Loss: 5.0899
2025-04-07 16:04:09,710 - INFO - Epoch [140/200], Loss: 5.4855
2025-04-07 16:04:09,769 - INFO - Epoch [150/200], Loss: 1.9639
2025-04-07 16:04:09,828 - INFO - Epoch [160/200], Loss: 1.1258
2025-04-07 16:04:09,886 - INFO - Epoch [170/200], Loss: 6.5917
2025-04-07 16:04:09,947 - INFO - Epoch [180/200], Loss: 19.4763
2025-04-07 16:04:10,005 - INFO - Epoch [190/200], Loss: 16.4565
2025-04-07 16:04:10,064 - INFO - Epoch [200/200], Loss: 5.1625
2025-04-07 16:04:10,064 - INFO - Test Loss: 21.8202
2025-04-07 16:04:16,194 - INFO - 原始特征数: 12
2025-04-07 16:04:16,194 - INFO - 经过PCA降维后的特征数: 7
2025-04-07 16:04:16,766 - INFO - Epoch [10/180], Loss: 17.0256
2025-04-07 16:04:16,825 - INFO - Epoch [20/180], Loss: 1.0551
2025-04-07 16:04:16,884 - INFO - Epoch [30/180], Loss: 0.1796
2025-04-07 16:04:16,944 - INFO - Epoch [40/180], Loss: 19.6372
2025-04-07 16:04:17,003 - INFO - Epoch [50/180], Loss: 5.4832
2025-04-07 16:04:17,063 - INFO - Epoch [60/180], Loss: 0.3883
2025-04-07 16:04:17,123 - INFO - Epoch [70/180], Loss: 7.3298
2025-04-07 16:04:17,183 - INFO - Epoch [80/180], Loss: 1.2376
2025-04-07 16:04:17,242 - INFO - Epoch [90/180], Loss: 9.9202
2025-04-07 16:04:17,302 - INFO - Epoch [100/180], Loss: 3.5500
2025-04-07 16:04:17,362 - INFO - Epoch [110/180], Loss: 7.8596
2025-04-07 16:04:17,422 - INFO - Epoch [120/180], Loss: 19.5854
2025-04-07 16:04:17,481 - INFO - Epoch [130/180], Loss: 5.5192
2025-04-07 16:04:17,541 - INFO - Epoch [140/180], Loss: 1.2280
2025-04-07 16:04:17,601 - INFO - Epoch [150/180], Loss: 14.2899
2025-04-07 16:04:17,661 - INFO - Epoch [160/180], Loss: 2.1872
2025-04-07 16:04:17,721 - INFO - Epoch [170/180], Loss: 0.4137
2025-04-07 16:04:17,781 - INFO - Epoch [180/180], Loss: 34.7208
2025-04-07 16:04:17,781 - INFO - Test Loss: 20.8758
2025-04-07 16:04:53,158 - INFO - 原始特征数: 12
2025-04-07 16:04:53,158 - INFO - 经过PCA降维后的特征数: 7
2025-04-07 16:04:53,742 - INFO - Epoch [10/170], Loss: 20.9569
2025-04-07 16:04:53,802 - INFO - Epoch [20/170], Loss: 8.3650
2025-04-07 16:04:53,862 - INFO - Epoch [30/170], Loss: 4.4116
2025-04-07 16:04:53,922 - INFO - Epoch [40/170], Loss: 8.7916
2025-04-07 16:04:53,983 - INFO - Epoch [50/170], Loss: 1.4688
2025-04-07 16:04:54,043 - INFO - Epoch [60/170], Loss: 6.7852
2025-04-07 16:04:54,103 - INFO - Epoch [70/170], Loss: 21.7238
2025-04-07 16:04:54,164 - INFO - Epoch [80/170], Loss: 13.5400
2025-04-07 16:04:54,225 - INFO - Epoch [90/170], Loss: 2.3506
2025-04-07 16:04:54,285 - INFO - Epoch [100/170], Loss: 8.6053
2025-04-07 16:04:54,346 - INFO - Epoch [110/170], Loss: 2.4724
2025-04-07 16:04:54,407 - INFO - Epoch [120/170], Loss: 24.6814
2025-04-07 16:04:54,467 - INFO - Epoch [130/170], Loss: 6.6995
2025-04-07 16:04:54,528 - INFO - Epoch [140/170], Loss: 0.1621
2025-04-07 16:04:54,589 - INFO - Epoch [150/170], Loss: 8.6094
2025-04-07 16:04:54,650 - INFO - Epoch [160/170], Loss: 7.4795
2025-04-07 16:04:54,712 - INFO - Epoch [170/170], Loss: 9.4529
2025-04-07 16:04:54,712 - INFO - Test Loss: 28.7808
2025-04-07 16:04:59,945 - INFO - 原始特征数: 12
2025-04-07 16:04:59,945 - INFO - 经过PCA降维后的特征数: 7
2025-04-07 16:05:00,523 - INFO - Epoch [10/160], Loss: 12.8185
2025-04-07 16:05:00,583 - INFO - Epoch [20/160], Loss: 12.3748
2025-04-07 16:05:00,644 - INFO - Epoch [30/160], Loss: 7.7783
2025-04-07 16:05:00,704 - INFO - Epoch [40/160], Loss: 2.4548
2025-04-07 16:05:00,765 - INFO - Epoch [50/160], Loss: 24.8486
2025-04-07 16:05:00,826 - INFO - Epoch [60/160], Loss: 13.9772
2025-04-07 16:05:00,886 - INFO - Epoch [70/160], Loss: 3.2883
2025-04-07 16:05:00,947 - INFO - Epoch [80/160], Loss: 1.7205
2025-04-07 16:05:01,009 - INFO - Epoch [90/160], Loss: 5.8821
2025-04-07 16:05:01,069 - INFO - Epoch [100/160], Loss: 5.8259
2025-04-07 16:05:01,130 - INFO - Epoch [110/160], Loss: 0.5953
2025-04-07 16:05:01,191 - INFO - Epoch [120/160], Loss: 7.5657
2025-04-07 16:05:01,252 - INFO - Epoch [130/160], Loss: 14.3355
2025-04-07 16:05:01,313 - INFO - Epoch [140/160], Loss: 10.0433
2025-04-07 16:05:01,374 - INFO - Epoch [150/160], Loss: 10.4343
2025-04-07 16:05:01,435 - INFO - Epoch [160/160], Loss: 6.2135
2025-04-07 16:05:01,435 - INFO - Test Loss: 27.6427
2025-04-07 16:05:07,917 - INFO - 原始特征数: 12
2025-04-07 16:05:07,917 - INFO - 经过PCA降维后的特征数: 7
2025-04-07 16:05:08,488 - INFO - Epoch [10/150], Loss: 16.2760
2025-04-07 16:05:08,547 - INFO - Epoch [20/150], Loss: 62.7191
2025-04-07 16:05:08,606 - INFO - Epoch [30/150], Loss: 17.7426
2025-04-07 16:05:08,665 - INFO - Epoch [40/150], Loss: 2.3369
2025-04-07 16:05:08,724 - INFO - Epoch [50/150], Loss: 5.8986
2025-04-07 16:05:08,783 - INFO - Epoch [60/150], Loss: 10.6510
2025-04-07 16:05:08,842 - INFO - Epoch [70/150], Loss: 3.4597
2025-04-07 16:05:08,901 - INFO - Epoch [80/150], Loss: 2.7465
2025-04-07 16:05:08,960 - INFO - Epoch [90/150], Loss: 4.6645
2025-04-07 16:05:09,018 - INFO - Epoch [100/150], Loss: 46.3177
2025-04-07 16:05:09,077 - INFO - Epoch [110/150], Loss: 2.9371
2025-04-07 16:05:09,137 - INFO - Epoch [120/150], Loss: 7.5600
2025-04-07 16:05:09,196 - INFO - Epoch [130/150], Loss: 0.2977
2025-04-07 16:05:09,255 - INFO - Epoch [140/150], Loss: 3.6310
2025-04-07 16:05:09,314 - INFO - Epoch [150/150], Loss: 8.9566
2025-04-07 16:05:09,314 - INFO - Test Loss: 20.3189
2025-04-07 16:24:03,449 - INFO - 原始特征数: 12
2025-04-07 16:24:03,449 - INFO - 经过PCA降维后的特征数: 7
2025-04-07 16:24:04,035 - INFO - Epoch [10/150], Loss: 43.0756
2025-04-07 16:24:04,095 - INFO - Epoch [20/150], Loss: 586.0527
2025-04-07 16:24:04,156 - INFO - Epoch [30/150], Loss: 1.2064
2025-04-07 16:24:04,217 - INFO - Epoch [40/150], Loss: 3.3184
2025-04-07 16:24:04,277 - INFO - Epoch [50/150], Loss: 5.0935
2025-04-07 16:24:04,338 - INFO - Epoch [60/150], Loss: 0.6116
2025-04-07 16:24:04,399 - INFO - Epoch [70/150], Loss: 4.1678
2025-04-07 16:24:04,460 - INFO - Epoch [80/150], Loss: 1.5178
2025-04-07 16:24:04,521 - INFO - Epoch [90/150], Loss: 40.5607
2025-04-07 16:24:04,583 - INFO - Epoch [100/150], Loss: 33.7561
2025-04-07 16:24:04,644 - INFO - Epoch [110/150], Loss: 45.3325
2025-04-07 16:24:04,705 - INFO - Epoch [120/150], Loss: 3.9961
2025-04-07 16:24:04,766 - INFO - Epoch [130/150], Loss: 1.6629
2025-04-07 16:24:04,827 - INFO - Epoch [140/150], Loss: 11.7018
2025-04-07 16:24:04,888 - INFO - Epoch [150/150], Loss: 57.3018
2025-04-07 16:24:04,889 - INFO - 模型已保存为 boston_model.pth
2025-04-07 16:24:04,890 - INFO - Test Loss: 21.8783
2025-04-07 17:15:55,650 - INFO - 原始特征数: 12
2025-04-07 17:15:55,650 - INFO - 经过PCA降维后的特征数: 7
2025-04-07 17:15:55,731 - INFO - Epoch [10/280], Loss: 171.2541
2025-04-07 17:15:55,791 - INFO - Epoch [20/280], Loss: 48.0680
2025-04-07 17:15:55,851 - INFO - Epoch [30/280], Loss: 30.2394
2025-04-07 17:15:55,911 - INFO - Epoch [40/280], Loss: 7.9637
2025-04-07 17:15:55,972 - INFO - Epoch [50/280], Loss: 10.1421
2025-04-07 17:15:56,032 - INFO - Epoch [60/280], Loss: 1.7147
2025-04-07 17:15:56,092 - INFO - Epoch [70/280], Loss: 202.0405
2025-04-07 17:15:56,153 - INFO - Epoch [80/280], Loss: 8.5748
2025-04-07 17:15:56,213 - INFO - Epoch [90/280], Loss: 0.5403
2025-04-07 17:15:56,274 - INFO - Epoch [100/280], Loss: 9.0499
2025-04-07 17:15:56,334 - INFO - Epoch [110/280], Loss: 3.4600
2025-04-07 17:15:56,395 - INFO - Epoch [120/280], Loss: 1.0661
2025-04-07 17:15:56,455 - INFO - Epoch [130/280], Loss: 5.5253
2025-04-07 17:15:56,516 - INFO - Epoch [140/280], Loss: 11.3524
2025-04-07 17:15:56,576 - INFO - Epoch [150/280], Loss: 1.1707
2025-04-07 17:15:56,637 - INFO - Epoch [160/280], Loss: 4.3113
2025-04-07 17:15:56,698 - INFO - Epoch [170/280], Loss: 4.3275
2025-04-07 17:15:56,758 - INFO - Epoch [180/280], Loss: 54.4006
2025-04-07 17:15:56,819 - INFO - Epoch [190/280], Loss: 6.8451
2025-04-07 17:15:56,880 - INFO - Epoch [200/280], Loss: 0.0637
2025-04-07 17:15:56,940 - INFO - Epoch [210/280], Loss: 6.3636
2025-04-07 17:15:57,001 - INFO - Epoch [220/280], Loss: 0.6450
2025-04-07 17:15:57,061 - INFO - Epoch [230/280], Loss: 40.0564
2025-04-07 17:15:57,122 - INFO - Epoch [240/280], Loss: 5.7086
2025-04-07 17:15:57,185 - INFO - Epoch [250/280], Loss: 6.4483
2025-04-07 17:15:57,246 - INFO - Epoch [260/280], Loss: 4.0290
2025-04-07 17:15:57,307 - INFO - Epoch [270/280], Loss: 1.5973
2025-04-07 17:15:57,367 - INFO - Epoch [280/280], Loss: 7.4350
2025-04-07 17:15:57,368 - INFO - 模型已保存为 boston_model.pth
2025-04-07 17:15:57,416 - INFO - Test Loss: 20.4723
2025-04-07 17:16:04,629 - INFO - 原始特征数: 12
2025-04-07 17:16:04,629 - INFO - 经过PCA降维后的特征数: 7
2025-04-07 17:16:05,214 - INFO - Epoch [10/280], Loss: 88.9619
2025-04-07 17:16:05,275 - INFO - Epoch [20/280], Loss: 35.9682
2025-04-07 17:16:05,345 - INFO - Epoch [30/280], Loss: 28.8423
2025-04-07 17:16:05,410 - INFO - Epoch [40/280], Loss: 29.5891
2025-04-07 17:16:05,470 - INFO - Epoch [50/280], Loss: 2.6788
2025-04-07 17:16:05,531 - INFO - Epoch [60/280], Loss: 3.3879
2025-04-07 17:16:05,591 - INFO - Epoch [70/280], Loss: 17.6255
2025-04-07 17:16:05,651 - INFO - Epoch [80/280], Loss: 12.7631
2025-04-07 17:16:05,711 - INFO - Epoch [90/280], Loss: 0.2420
2025-04-07 17:16:05,772 - INFO - Epoch [100/280], Loss: 7.4494
2025-04-07 17:16:05,832 - INFO - Epoch [110/280], Loss: 48.1399
2025-04-07 17:16:05,892 - INFO - Epoch [120/280], Loss: 12.5070
2025-04-07 17:16:05,953 - INFO - Epoch [130/280], Loss: 27.0585
2025-04-07 17:16:06,013 - INFO - Epoch [140/280], Loss: 4.2176
2025-04-07 17:16:06,074 - INFO - Epoch [150/280], Loss: 26.0100
2025-04-07 17:16:06,134 - INFO - Epoch [160/280], Loss: 11.1479
2025-04-07 17:16:06,194 - INFO - Epoch [170/280], Loss: 1.4654
2025-04-07 17:16:06,254 - INFO - Epoch [180/280], Loss: 7.9757
2025-04-07 17:16:06,315 - INFO - Epoch [190/280], Loss: 0.0798
2025-04-07 17:16:06,375 - INFO - Epoch [200/280], Loss: 9.0935
2025-04-07 17:16:06,435 - INFO - Epoch [210/280], Loss: 5.6965
2025-04-07 17:16:06,496 - INFO - Epoch [220/280], Loss: 5.5981
2025-04-07 17:16:06,556 - INFO - Epoch [230/280], Loss: 1.2474
2025-04-07 17:16:06,616 - INFO - Epoch [240/280], Loss: 71.8623
2025-04-07 17:16:06,676 - INFO - Epoch [250/280], Loss: 8.2747
2025-04-07 17:16:06,736 - INFO - Epoch [260/280], Loss: 0.3512
2025-04-07 17:16:06,796 - INFO - Epoch [270/280], Loss: 46.0840
2025-04-07 17:16:06,857 - INFO - Epoch [280/280], Loss: 1.4866
2025-04-07 17:16:06,857 - INFO - 模型已保存为 boston_model.pth
2025-04-07 17:16:06,915 - INFO - Test Loss: 17.2874
